# JRE version: OpenJDK Runtime Environment (8.0_152-b01) (build 1.8.0_152-release-1248-b01)
# Java VM: OpenJDK 64-Bit Server VM (25.152-b01 mixed mode windows-amd64 compressed oops)
Heap:
 PSYoungGen      total 315392K, used 210063K [0x00000000e0000000, 0x00000000f9800000, 0x0000000100000000)
  eden space 253952K, 81% used [0x00000000e0000000,0x00000000ec9ff820,0x00000000ef800000)
  from space 61440K, 5% used [0x00000000ef800000,0x00000000efb244e8,0x00000000f3400000)
  to   space 60416K, 0% used [0x00000000f5d00000,0x00000000f5d00000,0x00000000f9800000)
 ParOldGen       total 123392K, used 99871K [0x00000000a0000000, 0x00000000a7880000, 0x00000000e0000000)
  object space 123392K, 80% used [0x00000000a0000000,0x00000000a6187f00,0x00000000a7880000)
 Metaspace       used 91190K, capacity 94732K, committed 95104K, reserved 1132544K
  class space    used 11520K, capacity 12297K, committed 12416K, reserved 1048576K
GC Heap History (10 events):
Event: 231.986 GC heap before
{Heap before GC invocations=29 (full 4):
 PSYoungGen      total 283136K, used 213754K [0x00000000e0000000, 0x00000000f5a00000, 0x0000000100000000)
  eden space 211968K, 98% used [0x00000000e0000000,0x00000000ecc78ef8,0x00000000ecf00000)
  from space 71168K, 6% used [0x00000000f1480000,0x00000000f18c5a58,0x00000000f5a00000)
  to   space 71168K, 0% used [0x00000000ecf00000,0x00000000ecf00000,0x00000000f1480000)
 ParOldGen       total 123392K, used 92094K [0x00000000a0000000, 0x00000000a7880000, 0x00000000e0000000)
  object space 123392K, 74% used [0x00000000a0000000,0x00000000a59efb00,0x00000000a7880000)
 Metaspace       used 88411K, capacity 91560K, committed 91648K, reserved 1128448K
  class space    used 11226K, capacity 11951K, committed 12032K, reserved 1048576K
Event: 231.992 GC heap after
Heap after GC invocations=29 (full 4):
 PSYoungGen      total 283136K, used 10603K [0x00000000e0000000, 0x00000000f7780000, 0x0000000100000000)
  eden space 211968K, 0% used [0x00000000e0000000,0x00000000e0000000,0x00000000ecf00000)
  from space 71168K, 14% used [0x00000000ecf00000,0x00000000ed95ada8,0x00000000f1480000)
  to   space 69120K, 0% used [0x00000000f3400000,0x00000000f3400000,0x00000000f7780000)
 ParOldGen       total 123392K, used 92102K [0x00000000a0000000, 0x00000000a7880000, 0x00000000e0000000)
  object space 123392K, 74% used [0x00000000a0000000,0x00000000a59f1b00,0x00000000a7880000)
 Metaspace       used 88411K, capacity 91560K, committed 91648K, reserved 1128448K
  class space    used 11226K, capacity 11951K, committed 12032K, reserved 1048576K
}
Event: 232.294 GC heap before
{Heap before GC invocations=30 (full 4):
 PSYoungGen      total 283136K, used 221838K [0x00000000e0000000, 0x00000000f7780000, 0x0000000100000000)
  eden space 211968K, 99% used [0x00000000e0000000,0x00000000ece48d70,0x00000000ecf00000)
  from space 71168K, 14% used [0x00000000ecf00000,0x00000000ed95ada8,0x00000000f1480000)
  to   space 69120K, 0% used [0x00000000f3400000,0x00000000f3400000,0x00000000f7780000)
 ParOldGen       total 123392K, used 92102K [0x00000000a0000000, 0x00000000a7880000, 0x00000000e0000000)
  object space 123392K, 74% used [0x00000000a0000000,0x00000000a59f1b00,0x00000000a7880000)
 Metaspace       used 88694K, capacity 91892K, committed 92160K, reserved 1130496K
  class space    used 11269K, capacity 11965K, committed 12032K, reserved 1048576K
Event: 232.305 GC heap after
Heap after GC invocations=30 (full 4):
 PSYoungGen      total 315904K, used 8536K [0x00000000e0000000, 0x00000000f7600000, 0x0000000100000000)
  eden space 248320K, 0% used [0x00000000e0000000,0x00000000e0000000,0x00000000ef280000)
  from space 67584K, 12% used [0x00000000f3400000,0x00000000f3c56260,0x00000000f7600000)
  to   space 67072K, 0% used [0x00000000ef280000,0x00000000ef280000,0x00000000f3400000)
 ParOldGen       total 123392K, used 93230K [0x00000000a0000000, 0x00000000a7880000, 0x00000000e0000000)
  object space 123392K, 75% used [0x00000000a0000000,0x00000000a5b0bb00,0x00000000a7880000)
 Metaspace       used 88694K, capacity 91892K, committed 92160K, reserved 1130496K
  class space    used 11269K, capacity 11965K, committed 12032K, reserved 1048576K
}
Event: 232.340 GC heap before
{Heap before GC invocations=31 (full 4):
 PSYoungGen      total 315904K, used 256856K [0x00000000e0000000, 0x00000000f7600000, 0x0000000100000000)
  eden space 248320K, 100% used [0x00000000e0000000,0x00000000ef280000,0x00000000ef280000)
  from space 67584K, 12% used [0x00000000f3400000,0x00000000f3c56260,0x00000000f7600000)
  to   space 67072K, 0% used [0x00000000ef280000,0x00000000ef280000,0x00000000f3400000)
 ParOldGen       total 123392K, used 93230K [0x00000000a0000000, 0x00000000a7880000, 0x00000000e0000000)
  object space 123392K, 75% used [0x00000000a0000000,0x00000000a5b0bb00,0x00000000a7880000)
 Metaspace       used 88705K, capacity 91892K, committed 92160K, reserved 1130496K
  class space    used 11269K, capacity 11965K, committed 12032K, reserved 1048576K
Event: 232.343 GC heap after
Heap after GC invocations=31 (full 4):
 PSYoungGen      total 315392K, used 96K [0x00000000e0000000, 0x00000000f7600000, 0x0000000100000000)
  eden space 248320K, 0% used [0x00000000e0000000,0x00000000e0000000,0x00000000ef280000)
  from space 67072K, 0% used [0x00000000ef280000,0x00000000ef298000,0x00000000f3400000)
  to   space 67584K, 0% used [0x00000000f3400000,0x00000000f3400000,0x00000000f7600000)
 ParOldGen       total 123392K, used 94801K [0x00000000a0000000, 0x00000000a7880000, 0x00000000e0000000)
  object space 123392K, 76% used [0x00000000a0000000,0x00000000a5c94640,0x00000000a7880000)
 Metaspace       used 88705K, capacity 91892K, committed 92160K, reserved 1130496K
  class space    used 11269K, capacity 11965K, committed 12032K, reserved 1048576K
}
Event: 417.148 GC heap before
{Heap before GC invocations=32 (full 4):
 PSYoungGen      total 315392K, used 248416K [0x00000000e0000000, 0x00000000f7600000, 0x0000000100000000)
  eden space 248320K, 100% used [0x00000000e0000000,0x00000000ef280000,0x00000000ef280000)
  from space 67072K, 0% used [0x00000000ef280000,0x00000000ef298000,0x00000000f3400000)
  to   space 67584K, 0% used [0x00000000f3400000,0x00000000f3400000,0x00000000f7600000)
 ParOldGen       total 123392K, used 94801K [0x00000000a0000000, 0x00000000a7880000, 0x00000000e0000000)
  object space 123392K, 76% used [0x00000000a0000000,0x00000000a5c94640,0x00000000a7880000)
 Metaspace       used 90219K, capacity 93678K, committed 93952K, reserved 1130496K
  class space    used 11453K, capacity 12222K, committed 12288K, reserved 1048576K
Event: 417.169 GC heap after
Heap after GC invocations=32 (full 4):
 PSYoungGen      total 321536K, used 18795K [0x00000000e0000000, 0x00000000f9800000, 0x0000000100000000)
  eden space 253952K, 0% used [0x00000000e0000000,0x00000000e0000000,0x00000000ef800000)
  from space 67584K, 27% used [0x00000000f3400000,0x00000000f465ac40,0x00000000f7600000)
  to   space 61440K, 0% used [0x00000000ef800000,0x00000000ef800000,0x00000000f3400000)
 ParOldGen       total 123392K, used 94833K [0x00000000a0000000, 0x00000000a7880000, 0x00000000e0000000)
  object space 123392K, 76% used [0x00000000a0000000,0x00000000a5c9c640,0x00000000a7880000)
 Metaspace       used 90219K, capacity 93678K, committed 93952K, reserved 1130496K
  class space    used 11453K, capacity 12222K, committed 12288K, reserved 1048576K
}
Event: 419.323 GC heap before
{Heap before GC invocations=33 (full 4):
 PSYoungGen      total 321536K, used 272323K [0x00000000e0000000, 0x00000000f9800000, 0x0000000100000000)
  eden space 253952K, 99% used [0x00000000e0000000,0x00000000ef7960c0,0x00000000ef800000)
  from space 67584K, 27% used [0x00000000f3400000,0x00000000f465ac40,0x00000000f7600000)
  to   space 61440K, 0% used [0x00000000ef800000,0x00000000ef800000,0x00000000f3400000)
 ParOldGen       total 123392K, used 94833K [0x00000000a0000000, 0x00000000a7880000, 0x00000000e0000000)
  object space 123392K, 76% used [0x00000000a0000000,0x00000000a5c9c640,0x00000000a7880000)
 Metaspace       used 90643K, capacity 94150K, committed 94208K, reserved 1130496K
  class space    used 11497K, capacity 12264K, committed 12288K, reserved 1048576K
Event: 419.330 GC heap after
Heap after GC invocations=33 (full 4):
 PSYoungGen      total 315392K, used 3217K [0x00000000e0000000, 0x00000000f9800000, 0x0000000100000000)
  eden space 253952K, 0% used [0x00000000e0000000,0x00000000e0000000,0x00000000ef800000)
  from space 61440K, 5% used [0x00000000ef800000,0x00000000efb244e8,0x00000000f3400000)
  to   space 60416K, 0% used [0x00000000f5d00000,0x00000000f5d00000,0x00000000f9800000)
 ParOldGen       total 123392K, used 99871K [0x00000000a0000000, 0x00000000a7880000, 0x00000000e0000000)
  object space 123392K, 80% used [0x00000000a0000000,0x00000000a6187f00,0x00000000a7880000)
 Metaspace       used 90643K, capacity 94150K, committed 94208K, reserved 1130496K
  class space    used 11497K, capacity 12264K, committed 12288K, reserved 1048576K
}

